{"/Users/alex__filatov/Desktop/WebIDE/server/main.ts": {"path":"/Users/alex__filatov/Desktop/WebIDE/server/main.ts","statementMap":{"0":{"start":{"line":1,"column":0},"end":{"line":1,"column":22}},"1":{"start":{"line":2,"column":12},"end":{"line":2,"column":21}},"2":{"start":{"line":3,"column":0},"end":{"line":3,"column":30}},"3":{"start":{"line":4,"column":0},"end":{"line":4,"column":28}},"4":{"start":{"line":5,"column":0},"end":{"line":5,"column":40}},"5":{"start":{"line":6,"column":0},"end":{"line":6,"column":26}},"6":{"start":{"line":7,"column":0},"end":{"line":7,"column":44}},"7":{"start":{"line":10,"column":13},"end":{"line":10,"column":37}},"8":{"start":{"line":12,"column":0},"end":{"line":15,"column":null}},"9":{"start":{"line":13,"column":2},"end":{"line":13,"column":27}},"10":{"start":{"line":14,"column":2},"end":{"line":14,"column":18}},"11":{"start":{"line":17,"column":13},"end":{"line":24,"column":null}},"12":{"start":{"line":19,"column":2},"end":{"line":19,"column":24}},"13":{"start":{"line":20,"column":2},"end":{"line":20,"column":null}},"14":{"start":{"line":21,"column":2},"end":{"line":21,"column":18}},"15":{"start":{"line":22,"column":2},"end":{"line":22,"column":31}},"16":{"start":{"line":25,"column":0},"end":{"line":25,"column":7}},"17":{"start":{"line":26,"column":13},"end":{"line":28,"column":3}},"18":{"start":{"line":27,"column":2},"end":{"line":27,"column":45}}},"fnMap":{"0":{"name":"(anonymous_0)","decl":{"start":{"line":12,"column":20},"end":{"line":12,"column":25}},"loc":{"start":{"line":12,"column":32},"end":{"line":15,"column":1}}},"1":{"name":"(anonymous_1)","decl":{"start":{"line":17,"column":20},"end":{"line":17,"column":25}},"loc":{"start":{"line":17,"column":31},"end":{"line":24,"column":1}}},"2":{"name":"(anonymous_2)","decl":{"start":{"line":26,"column":39},"end":{"line":26,"column":42}},"loc":{"start":{"line":26,"column":44},"end":{"line":28,"column":1}}}},"branchMap":{"0":{"loc":{"start":{"line":10,"column":13},"end":{"line":10,"column":29}},"type":"binary-expr","locations":[{"start":{"line":10,"column":13},"end":{"line":10,"column":29}},{"start":{"line":10,"column":33},"end":{"line":10,"column":37}}]}},"s":{"0":1,"1":1,"2":1,"3":1,"4":1,"5":1,"6":1,"7":1,"8":1,"9":0,"10":0,"11":1,"12":1,"13":1,"14":1,"15":1,"16":1,"17":1,"18":1},"f":{"0":0,"1":1,"2":1},"b":{"0":[1,1]}}
,"/Users/alex__filatov/Desktop/WebIDE/server/resetPsw.ts": {"path":"/Users/alex__filatov/Desktop/WebIDE/server/resetPsw.ts","statementMap":{"0":{"start":{"line":1,"column":13},"end":{"line":3,"column":2}},"1":{"start":{"line":2,"column":4},"end":{"line":2,"column":71}},"2":{"start":{"line":5,"column":13},"end":{"line":19,"column":2}},"3":{"start":{"line":6,"column":17},"end":{"line":6,"column":40}},"4":{"start":{"line":7,"column":15},"end":{"line":7,"column":25}},"5":{"start":{"line":8,"column":20},"end":{"line":8,"column":59}},"6":{"start":{"line":9,"column":17},"end":{"line":17,"column":4}},"7":{"start":{"line":18,"column":4},"end":{"line":18,"column":39}}},"fnMap":{"0":{"name":"(anonymous_0)","decl":{"start":{"line":1,"column":35},"end":{"line":1,"column":36}},"loc":{"start":{"line":1,"column":59},"end":{"line":3,"column":1}}},"1":{"name":"(anonymous_1)","decl":{"start":{"line":5,"column":37},"end":{"line":5,"column":38}},"loc":{"start":{"line":5,"column":59},"end":{"line":19,"column":1}}}},"branchMap":{},"s":{"0":1,"1":0,"2":1,"3":0,"4":0,"5":0,"6":0,"7":0},"f":{"0":0,"1":0},"b":{}}
,"/Users/alex__filatov/Desktop/WebIDE/server/validation.ts": {"path":"/Users/alex__filatov/Desktop/WebIDE/server/validation.ts","statementMap":{"0":{"start":{"line":1,"column":12},"end":{"line":1,"column":26}},"1":{"start":{"line":3,"column":13},"end":{"line":7,"column":3}},"2":{"start":{"line":9,"column":13},"end":{"line":12,"column":3}},"3":{"start":{"line":14,"column":13},"end":{"line":17,"column":3}}},"fnMap":{},"branchMap":{},"s":{"0":1,"1":1,"2":1,"3":1},"f":{},"b":{}}
,"/Users/alex__filatov/Desktop/WebIDE/server/Utils/Utils.ts": {"path":"/Users/alex__filatov/Desktop/WebIDE/server/Utils/Utils.ts","statementMap":{"0":{"start":{"line":2,"column":4},"end":{"line":2,"column":null}},"1":{"start":{"line":1,"column":0},"end":{"line":1,"column":16}}},"fnMap":{"0":{"name":"GetDBType","decl":{"start":{"line":1,"column":16},"end":{"line":1,"column":25}},"loc":{"start":{"line":1,"column":25},"end":{"line":3,"column":1}}}},"branchMap":{},"s":{"0":1,"1":1},"f":{"0":1},"b":{}}
,"/Users/alex__filatov/Desktop/WebIDE/server/codeExecService/BaseExecConfig.ts": {"path":"/Users/alex__filatov/Desktop/WebIDE/server/codeExecService/BaseExecConfig.ts","statementMap":{"0":{"start":{"line":4,"column":2},"end":{"line":4,"column":34}},"1":{"start":{"line":5,"column":2},"end":{"line":5,"column":24}},"2":{"start":{"line":6,"column":2},"end":{"line":6,"column":34}},"3":{"start":{"line":7,"column":2},"end":{"line":7,"column":24}},"4":{"start":{"line":3,"column":0},"end":{"line":3,"column":21}}},"fnMap":{"0":{"name":"(anonymous_0)","decl":{"start":{"line":3,"column":0},"end":{"line":3,"column":21}},"loc":{"start":{"line":3,"column":0},"end":{"line":8,"column":1}}}},"branchMap":{},"s":{"0":1,"1":1,"2":1,"3":1,"4":1},"f":{"0":1},"b":{}}
,"/Users/alex__filatov/Desktop/WebIDE/server/codeExecService/codeExecutors/ICodeExecutor.ts": {"path":"/Users/alex__filatov/Desktop/WebIDE/server/codeExecService/codeExecutors/ICodeExecutor.ts","statementMap":{"0":{"start":{"line":2,"column":0},"end":{"line":2,"column":47}},"1":{"start":{"line":9,"column":2},"end":{"line":9,"column":null}},"2":{"start":{"line":11,"column":4},"end":{"line":11,"column":null}},"3":{"start":{"line":14,"column":4},"end":{"line":14,"column":null}},"4":{"start":{"line":8,"column":0},"end":{"line":8,"column":22}}},"fnMap":{"0":{"name":"(anonymous_0)","decl":{"start":{"line":10,"column":2},"end":{"line":10,"column":14}},"loc":{"start":{"line":10,"column":44},"end":{"line":12,"column":3}}},"1":{"name":"(anonymous_1)","decl":{"start":{"line":13,"column":2},"end":{"line":13,"column":9}},"loc":{"start":{"line":13,"column":22},"end":{"line":15,"column":3}}}},"branchMap":{},"s":{"0":1,"1":1,"2":1,"3":0,"4":1},"f":{"0":1,"1":0},"b":{}}
,"/Users/alex__filatov/Desktop/WebIDE/server/codeExecService/codeExecutors/JSCodeExecutor.ts": {"path":"/Users/alex__filatov/Desktop/WebIDE/server/codeExecService/codeExecutors/JSCodeExecutor.ts","statementMap":{"0":{"start":{"line":1,"column":0},"end":{"line":1,"column":54}},"1":{"start":{"line":2,"column":0},"end":{"line":2,"column":36}},"2":{"start":{"line":5,"column":4},"end":{"line":5,"column":null}},"3":{"start":{"line":5,"column":19},"end":{"line":5,"column":null}},"4":{"start":{"line":6,"column":4},"end":{"line":21,"column":null}},"5":{"start":{"line":7,"column":25},"end":{"line":7,"column":66}},"6":{"start":{"line":8,"column":22},"end":{"line":8,"column":59}},"7":{"start":{"line":9,"column":6},"end":{"line":20,"column":null}},"8":{"start":{"line":10,"column":8},"end":{"line":10,"column":null}},"9":{"start":{"line":11,"column":8},"end":{"line":11,"column":null}},"10":{"start":{"line":12,"column":8},"end":{"line":19,"column":null}},"11":{"start":{"line":13,"column":10},"end":{"line":13,"column":null}},"12":{"start":{"line":14,"column":29},"end":{"line":14,"column":55}},"13":{"start":{"line":15,"column":10},"end":{"line":15,"column":null}},"14":{"start":{"line":17,"column":10},"end":{"line":17,"column":null}},"15":{"start":{"line":18,"column":10},"end":{"line":18,"column":null}},"16":{"start":{"line":3,"column":0},"end":{"line":3,"column":21}}},"fnMap":{"0":{"name":"(anonymous_0)","decl":{"start":{"line":4,"column":2},"end":{"line":4,"column":9}},"loc":{"start":{"line":4,"column":26},"end":{"line":23,"column":3}}},"1":{"name":"(anonymous_1)","decl":{"start":{"line":6,"column":23},"end":{"line":6,"column":24}},"loc":{"start":{"line":6,"column":43},"end":{"line":21,"column":5}}},"2":{"name":"(anonymous_2)","decl":{"start":{"line":9,"column":64},"end":{"line":9,"column":65}},"loc":{"start":{"line":9,"column":90},"end":{"line":20,"column":7}}}},"branchMap":{"0":{"loc":{"start":{"line":5,"column":4},"end":{"line":5,"column":null}},"type":"if","locations":[{"start":{"line":5,"column":4},"end":{"line":5,"column":null}},{"start":{"line":5,"column":4},"end":{"line":5,"column":null}}]},"1":{"loc":{"start":{"line":7,"column":39},"end":{"line":7,"column":61}},"type":"cond-expr","locations":[{"start":{"line":7,"column":39},"end":{"line":7,"column":61}},{"start":{"line":7,"column":64},"end":{"line":7,"column":66}}]},"2":{"loc":{"start":{"line":8,"column":36},"end":{"line":8,"column":55}},"type":"cond-expr","locations":[{"start":{"line":8,"column":36},"end":{"line":8,"column":55}},{"start":{"line":8,"column":58},"end":{"line":8,"column":59}}]},"3":{"loc":{"start":{"line":12,"column":8},"end":{"line":19,"column":null}},"type":"if","locations":[{"start":{"line":12,"column":8},"end":{"line":19,"column":null}},{"start":{"line":12,"column":8},"end":{"line":19,"column":null}}]},"4":{"loc":{"start":{"line":12,"column":12},"end":{"line":12,"column":17}},"type":"binary-expr","locations":[{"start":{"line":12,"column":12},"end":{"line":12,"column":17}},{"start":{"line":12,"column":21},"end":{"line":12,"column":27}}]},"5":{"loc":{"start":{"line":14,"column":37},"end":{"line":14,"column":50}},"type":"cond-expr","locations":[{"start":{"line":14,"column":37},"end":{"line":14,"column":50}},{"start":{"line":14,"column":53},"end":{"line":14,"column":55}}]},"6":{"loc":{"start":{"line":15,"column":17},"end":{"line":15,"column":27}},"type":"binary-expr","locations":[{"start":{"line":15,"column":17},"end":{"line":15,"column":27}},{"start":{"line":15,"column":31},"end":{"line":15,"column":37}}]}},"s":{"0":1,"1":1,"2":3,"3":0,"4":3,"5":3,"6":3,"7":3,"8":3,"9":3,"10":3,"11":1,"12":1,"13":1,"14":2,"15":2,"16":1},"f":{"0":3,"1":3,"2":3},"b":{"0":[0,3],"1":[3,0],"2":[3,0],"3":[1,2],"4":[3,2],"5":[1,0],"6":[1,0]}}
,"/Users/alex__filatov/Desktop/WebIDE/server/controllers/users.ts": {"path":"/Users/alex__filatov/Desktop/WebIDE/server/controllers/users.ts","statementMap":{"0":{"start":{"line":1,"column":0},"end":{"line":1,"column":60}},"1":{"start":{"line":2,"column":0},"end":{"line":2,"column":33}},"2":{"start":{"line":3,"column":0},"end":{"line":3,"column":31}},"3":{"start":{"line":4,"column":0},"end":{"line":4,"column":71}},"4":{"start":{"line":5,"column":0},"end":{"line":5,"column":36}},"5":{"start":{"line":6,"column":0},"end":{"line":6,"column":43}},"6":{"start":{"line":7,"column":0},"end":{"line":7,"column":41}},"7":{"start":{"line":8,"column":0},"end":{"line":8,"column":64}},"8":{"start":{"line":9,"column":0},"end":{"line":9,"column":56}},"9":{"start":{"line":13,"column":31},"end":{"line":13,"column":51}},"10":{"start":{"line":15,"column":26},"end":{"line":15,"column":67}},"11":{"start":{"line":16,"column":8},"end":{"line":34,"column":null}},"12":{"start":{"line":17,"column":12},"end":{"line":17,"column":29}},"13":{"start":{"line":18,"column":12},"end":{"line":18,"column":48}},"14":{"start":{"line":19,"column":15},"end":{"line":34,"column":null}},"15":{"start":{"line":21,"column":12},"end":{"line":21,"column":29}},"16":{"start":{"line":22,"column":12},"end":{"line":22,"column":59}},"17":{"start":{"line":25,"column":25},"end":{"line":25,"column":69}},"18":{"start":{"line":28,"column":32},"end":{"line":28,"column":42}},"19":{"start":{"line":29,"column":12},"end":{"line":29,"column":null}},"20":{"start":{"line":30,"column":12},"end":{"line":30,"column":null}},"21":{"start":{"line":31,"column":34},"end":{"line":31,"column":71}},"22":{"start":{"line":32,"column":12},"end":{"line":32,"column":29}},"23":{"start":{"line":33,"column":12},"end":{"line":33,"column":31}},"24":{"start":{"line":37,"column":31},"end":{"line":37,"column":51}},"25":{"start":{"line":39,"column":32},"end":{"line":39,"column":63}},"26":{"start":{"line":42,"column":26},"end":{"line":42,"column":64}},"27":{"start":{"line":43,"column":8},"end":{"line":45,"column":null}},"28":{"start":{"line":44,"column":12},"end":{"line":44,"column":null}},"29":{"start":{"line":47,"column":34},"end":{"line":47,"column":90}},"30":{"start":{"line":48,"column":8},"end":{"line":50,"column":null}},"31":{"start":{"line":49,"column":12},"end":{"line":49,"column":null}},"32":{"start":{"line":52,"column":26},"end":{"line":54,"column":null}},"33":{"start":{"line":56,"column":8},"end":{"line":58,"column":null}},"34":{"start":{"line":57,"column":12},"end":{"line":57,"column":null}},"35":{"start":{"line":60,"column":28},"end":{"line":60,"column":76}},"36":{"start":{"line":61,"column":29},"end":{"line":63,"column":null}},"37":{"start":{"line":67,"column":22},"end":{"line":67,"column":33}},"38":{"start":{"line":68,"column":8},"end":{"line":68,"column":null}},"39":{"start":{"line":69,"column":30},"end":{"line":69,"column":69}},"40":{"start":{"line":71,"column":8},"end":{"line":71,"column":25}},"41":{"start":{"line":72,"column":8},"end":{"line":76,"column":null}},"42":{"start":{"line":80,"column":31},"end":{"line":80,"column":51}},"43":{"start":{"line":82,"column":26},"end":{"line":82,"column":42}},"44":{"start":{"line":83,"column":30},"end":{"line":83,"column":69}},"45":{"start":{"line":85,"column":8},"end":{"line":87,"column":null}},"46":{"start":{"line":86,"column":12},"end":{"line":86,"column":54}},"47":{"start":{"line":89,"column":22},"end":{"line":92,"column":null}},"48":{"start":{"line":94,"column":20},"end":{"line":94,"column":55}},"49":{"start":{"line":95,"column":30},"end":{"line":95,"column":65}},"50":{"start":{"line":97,"column":28},"end":{"line":103,"column":10}},"51":{"start":{"line":104,"column":21},"end":{"line":104,"column":62}},"52":{"start":{"line":106,"column":8},"end":{"line":106,"column":25}},"53":{"start":{"line":11,"column":0},"end":{"line":11,"column":21}},"54":{"start":{"line":112,"column":4},"end":{"line":114,"column":7}}},"fnMap":{"0":{"name":"(anonymous_0)","decl":{"start":{"line":12,"column":11},"end":{"line":12,"column":17}},"loc":{"start":{"line":12,"column":41},"end":{"line":35,"column":5}}},"1":{"name":"(anonymous_1)","decl":{"start":{"line":36,"column":11},"end":{"line":36,"column":17}},"loc":{"start":{"line":36,"column":37},"end":{"line":77,"column":5}}},"2":{"name":"(anonymous_2)","decl":{"start":{"line":79,"column":11},"end":{"line":79,"column":17}},"loc":{"start":{"line":79,"column":40},"end":{"line":107,"column":5}}},"3":{"name":"generateAccessToken","decl":{"start":{"line":110,"column":9},"end":{"line":110,"column":28}},"loc":{"start":{"line":110,"column":37},"end":{"line":115,"column":1}}}},"branchMap":{"0":{"loc":{"start":{"line":16,"column":8},"end":{"line":34,"column":null}},"type":"if","locations":[{"start":{"line":16,"column":8},"end":{"line":34,"column":null}},{"start":{"line":16,"column":8},"end":{"line":34,"column":null}}]},"1":{"loc":{"start":{"line":19,"column":15},"end":{"line":34,"column":null}},"type":"if","locations":[{"start":{"line":19,"column":15},"end":{"line":34,"column":null}},{"start":{"line":19,"column":15},"end":{"line":34,"column":null}}]},"2":{"loc":{"start":{"line":43,"column":8},"end":{"line":45,"column":null}},"type":"if","locations":[{"start":{"line":43,"column":8},"end":{"line":45,"column":null}},{"start":{"line":43,"column":8},"end":{"line":45,"column":null}}]},"3":{"loc":{"start":{"line":48,"column":8},"end":{"line":50,"column":null}},"type":"if","locations":[{"start":{"line":48,"column":8},"end":{"line":50,"column":null}},{"start":{"line":48,"column":8},"end":{"line":50,"column":null}}]},"4":{"loc":{"start":{"line":56,"column":8},"end":{"line":58,"column":null}},"type":"if","locations":[{"start":{"line":56,"column":8},"end":{"line":58,"column":null}},{"start":{"line":56,"column":8},"end":{"line":58,"column":null}}]},"5":{"loc":{"start":{"line":85,"column":8},"end":{"line":87,"column":null}},"type":"if","locations":[{"start":{"line":85,"column":8},"end":{"line":87,"column":null}},{"start":{"line":85,"column":8},"end":{"line":87,"column":null}}]}},"s":{"0":1,"1":1,"2":1,"3":1,"4":1,"5":1,"6":1,"7":1,"8":1,"9":3,"10":3,"11":3,"12":1,"13":1,"14":2,"15":1,"16":1,"17":1,"18":1,"19":1,"20":1,"21":1,"22":1,"23":1,"24":4,"25":4,"26":4,"27":4,"28":1,"29":3,"30":3,"31":0,"32":3,"33":3,"34":2,"35":1,"36":1,"37":1,"38":1,"39":1,"40":1,"41":1,"42":1,"43":1,"44":1,"45":1,"46":1,"47":0,"48":0,"49":0,"50":0,"51":0,"52":0,"53":1,"54":1},"f":{"0":3,"1":4,"2":1,"3":1},"b":{"0":[1,2],"1":[1,1],"2":[1,3],"3":[0,3],"4":[2,1],"5":[1,0]}}
,"/Users/alex__filatov/Desktop/WebIDE/server/databases/postgres-db.ts": {"path":"/Users/alex__filatov/Desktop/WebIDE/server/databases/postgres-db.ts","statementMap":{"0":{"start":{"line":3,"column":0},"end":{"line":3,"column":24}},"1":{"start":{"line":5,"column":19},"end":{"line":12,"column":2}},"2":{"start":{"line":14,"column":0},"end":{"line":17,"column":3}},"3":{"start":{"line":15,"column":4},"end":{"line":16,"column":null}},"4":{"start":{"line":15,"column":13},"end":{"line":15,"column":23}},"5":{"start":{"line":16,"column":9},"end":{"line":16,"column":null}},"6":{"start":{"line":19,"column":0},"end":{"line":19,"column":26}}},"fnMap":{"0":{"name":"(anonymous_0)","decl":{"start":{"line":14,"column":19},"end":{"line":14,"column":29}},"loc":{"start":{"line":14,"column":32},"end":{"line":17,"column":1}}}},"branchMap":{"0":{"loc":{"start":{"line":15,"column":4},"end":{"line":16,"column":null}},"type":"if","locations":[{"start":{"line":15,"column":4},"end":{"line":16,"column":null}},{"start":{"line":15,"column":4},"end":{"line":16,"column":null}}]}},"s":{"0":1,"1":1,"2":1,"3":1,"4":0,"5":1,"6":1},"f":{"0":1},"b":{"0":[0,1]}}
,"/Users/alex__filatov/Desktop/WebIDE/server/entities/tokens.ts": {"path":"/Users/alex__filatov/Desktop/WebIDE/server/entities/tokens.ts","statementMap":{"0":{"start":{"line":2,"column":0},"end":{"line":2,"column":13}}},"fnMap":{},"branchMap":{},"s":{"0":1},"f":{},"b":{}}
,"/Users/alex__filatov/Desktop/WebIDE/server/entities/users.ts": {"path":"/Users/alex__filatov/Desktop/WebIDE/server/entities/users.ts","statementMap":{"0":{"start":{"line":3,"column":0},"end":{"line":3,"column":13}}},"fnMap":{},"branchMap":{},"s":{"0":1},"f":{},"b":{}}
,"/Users/alex__filatov/Desktop/WebIDE/server/repositories/PGRepository.ts": {"path":"/Users/alex__filatov/Desktop/WebIDE/server/repositories/PGRepository.ts","statementMap":{"0":{"start":{"line":2,"column":0},"end":{"line":2,"column":50}},"1":{"start":{"line":8,"column":8},"end":{"line":8,"column":35}},"2":{"start":{"line":11,"column":31},"end":{"line":11,"column":90}},"3":{"start":{"line":12,"column":8},"end":{"line":12,"column":null}},"4":{"start":{"line":13,"column":25},"end":{"line":13,"column":63}},"5":{"start":{"line":14,"column":8},"end":{"line":14,"column":23}},"6":{"start":{"line":18,"column":30},"end":{"line":18,"column":87}},"7":{"start":{"line":18,"column":64},"end":{"line":18,"column":76}},"8":{"start":{"line":19,"column":33},"end":{"line":19,"column":98}},"9":{"start":{"line":19,"column":70},"end":{"line":19,"column":87}},"10":{"start":{"line":20,"column":20},"end":{"line":20,"column":93}},"11":{"start":{"line":21,"column":8},"end":{"line":21,"column":null}},"12":{"start":{"line":22,"column":23},"end":{"line":22,"column":78}},"13":{"start":{"line":23,"column":8},"end":{"line":23,"column":23}},"14":{"start":{"line":5,"column":0},"end":{"line":5,"column":13}}},"fnMap":{"0":{"name":"(anonymous_0)","decl":{"start":{"line":7,"column":4},"end":{"line":7,"column":16}},"loc":{"start":{"line":7,"column":33},"end":{"line":9,"column":5}}},"1":{"name":"(anonymous_1)","decl":{"start":{"line":10,"column":4},"end":{"line":10,"column":9}},"loc":{"start":{"line":10,"column":52},"end":{"line":15,"column":5}}},"2":{"name":"(anonymous_2)","decl":{"start":{"line":17,"column":4},"end":{"line":17,"column":9}},"loc":{"start":{"line":17,"column":30},"end":{"line":24,"column":5}}},"3":{"name":"(anonymous_3)","decl":{"start":{"line":18,"column":57},"end":{"line":18,"column":60}},"loc":{"start":{"line":18,"column":64},"end":{"line":18,"column":76}}},"4":{"name":"(anonymous_4)","decl":{"start":{"line":19,"column":57},"end":{"line":19,"column":58}},"loc":{"start":{"line":19,"column":70},"end":{"line":19,"column":87}}}},"branchMap":{},"s":{"0":1,"1":12,"2":6,"3":6,"4":6,"5":6,"6":2,"7":3,"8":2,"9":3,"10":2,"11":2,"12":2,"13":2,"14":1},"f":{"0":12,"1":6,"2":2,"3":3,"4":3},"b":{}}
,"/Users/alex__filatov/Desktop/WebIDE/server/repositories/Repository.ts": {"path":"/Users/alex__filatov/Desktop/WebIDE/server/repositories/Repository.ts","statementMap":{"0":{"start":{"line":1,"column":0},"end":{"line":1,"column":46}},"1":{"start":{"line":5,"column":0},"end":{"line":5,"column":43}},"2":{"start":{"line":9,"column":15},"end":{"line":9,"column":26}},"3":{"start":{"line":14,"column":8},"end":{"line":18,"column":null}},"4":{"start":{"line":16,"column":16},"end":{"line":16,"column":null}},"5":{"start":{"line":17,"column":16},"end":{"line":17,"column":21}},"6":{"start":{"line":22,"column":8},"end":{"line":22,"column":null}},"7":{"start":{"line":26,"column":8},"end":{"line":26,"column":null}},"8":{"start":{"line":11,"column":0},"end":{"line":11,"column":13}}},"fnMap":{"0":{"name":"(anonymous_0)","decl":{"start":{"line":13,"column":4},"end":{"line":13,"column":16}},"loc":{"start":{"line":13,"column":33},"end":{"line":19,"column":5}}},"1":{"name":"(anonymous_1)","decl":{"start":{"line":21,"column":4},"end":{"line":21,"column":15}},"loc":{"start":{"line":21,"column":46},"end":{"line":23,"column":5}}},"2":{"name":"(anonymous_2)","decl":{"start":{"line":25,"column":4},"end":{"line":25,"column":14}},"loc":{"start":{"line":25,"column":24},"end":{"line":27,"column":5}}}},"branchMap":{"0":{"loc":{"start":{"line":15,"column":12},"end":{"line":17,"column":21}},"type":"switch","locations":[{"start":{"line":15,"column":12},"end":{"line":17,"column":21}}]}},"s":{"0":1,"1":1,"2":1,"3":12,"4":12,"5":12,"6":6,"7":2,"8":1},"f":{"0":12,"1":6,"2":2},"b":{"0":[12]}}
,"/Users/alex__filatov/Desktop/WebIDE/server/repositories/UserRepository.ts": {"path":"/Users/alex__filatov/Desktop/WebIDE/server/repositories/UserRepository.ts","statementMap":{"0":{"start":{"line":2,"column":0},"end":{"line":2,"column":42}},"1":{"start":{"line":6,"column":8},"end":{"line":6,"column":23}},"2":{"start":{"line":9,"column":8},"end":{"line":9,"column":56}},"3":{"start":{"line":4,"column":0},"end":{"line":4,"column":13}}},"fnMap":{"0":{"name":"(anonymous_0)","decl":{"start":{"line":5,"column":4},"end":{"line":5,"column":null}},"loc":{"start":{"line":5,"column":4},"end":{"line":7,"column":5}}},"1":{"name":"(anonymous_1)","decl":{"start":{"line":8,"column":4},"end":{"line":8,"column":15}},"loc":{"start":{"line":8,"column":29},"end":{"line":10,"column":5}}}},"branchMap":{},"s":{"0":1,"1":8,"2":6,"3":1},"f":{"0":8,"1":6},"b":{}}
,"/Users/alex__filatov/Desktop/WebIDE/server/routes/users.ts": {"path":"/Users/alex__filatov/Desktop/WebIDE/server/routes/users.ts","statementMap":{"0":{"start":{"line":1,"column":0},"end":{"line":1,"column":32}},"1":{"start":{"line":2,"column":0},"end":{"line":2,"column":46}},"2":{"start":{"line":3,"column":13},"end":{"line":3,"column":39}},"3":{"start":{"line":5,"column":0},"end":{"line":5,"column":50}},"4":{"start":{"line":6,"column":0},"end":{"line":6,"column":44}},"5":{"start":{"line":7,"column":0},"end":{"line":7,"column":47}}},"fnMap":{},"branchMap":{},"s":{"0":1,"1":1,"2":1,"3":1,"4":1,"5":1},"f":{},"b":{}}
}
