TN:
SF:server/main.ts
FN:12,(anonymous_0)
FN:17,(anonymous_1)
FN:26,(anonymous_2)
FNF:3
FNH:2
FNDA:0,(anonymous_0)
FNDA:1,(anonymous_1)
FNDA:1,(anonymous_2)
DA:1,1
DA:2,1
DA:3,1
DA:4,1
DA:5,1
DA:6,1
DA:7,1
DA:10,1
DA:12,1
DA:13,0
DA:14,0
DA:17,1
DA:19,1
DA:20,1
DA:21,1
DA:22,1
DA:25,1
DA:26,1
DA:27,1
LF:19
LH:17
BRDA:10,0,0,1
BRDA:10,0,1,1
BRF:2
BRH:2
end_of_record
TN:
SF:server/resetPsw.ts
FN:1,(anonymous_0)
FN:5,(anonymous_1)
FNF:2
FNH:0
FNDA:0,(anonymous_0)
FNDA:0,(anonymous_1)
DA:1,1
DA:2,0
DA:5,1
DA:6,0
DA:7,0
DA:8,0
DA:9,0
DA:18,0
LF:8
LH:2
BRF:0
BRH:0
end_of_record
TN:
SF:server/validation.ts
FNF:0
FNH:0
DA:1,1
DA:3,1
DA:9,1
DA:14,1
LF:4
LH:4
BRF:0
BRH:0
end_of_record
TN:
SF:server/Utils/Utils.ts
FN:1,GetDBType
FNF:1
FNH:1
FNDA:1,GetDBType
DA:1,1
DA:2,1
LF:2
LH:2
BRF:0
BRH:0
end_of_record
TN:
SF:server/codeExecService/BaseExecConfig.ts
FN:3,(anonymous_0)
FNF:1
FNH:1
FNDA:1,(anonymous_0)
DA:3,1
DA:4,1
DA:5,1
DA:6,1
DA:7,1
LF:5
LH:5
BRF:0
BRH:0
end_of_record
TN:
SF:server/codeExecService/codeExecutors/ICodeExecutor.ts
FN:10,(anonymous_0)
FN:13,(anonymous_1)
FNF:2
FNH:1
FNDA:1,(anonymous_0)
FNDA:0,(anonymous_1)
DA:2,1
DA:8,1
DA:9,1
DA:11,1
DA:14,0
LF:5
LH:4
BRF:0
BRH:0
end_of_record
TN:
SF:server/codeExecService/codeExecutors/JSCodeExecutor.ts
FN:4,(anonymous_0)
FN:6,(anonymous_1)
FN:9,(anonymous_2)
FNF:3
FNH:3
FNDA:3,(anonymous_0)
FNDA:3,(anonymous_1)
FNDA:3,(anonymous_2)
DA:1,1
DA:2,1
DA:3,1
DA:5,3
DA:6,3
DA:7,3
DA:8,3
DA:9,3
DA:10,3
DA:11,3
DA:12,3
DA:13,1
DA:14,1
DA:15,1
DA:17,2
DA:18,2
LF:16
LH:16
BRDA:5,0,0,0
BRDA:5,0,1,3
BRDA:7,1,0,3
BRDA:7,1,1,0
BRDA:8,2,0,3
BRDA:8,2,1,0
BRDA:12,3,0,1
BRDA:12,3,1,2
BRDA:12,4,0,3
BRDA:12,4,1,2
BRDA:14,5,0,1
BRDA:14,5,1,0
BRDA:15,6,0,1
BRDA:15,6,1,0
BRF:14
BRH:9
end_of_record
TN:
SF:server/controllers/users.ts
FN:12,(anonymous_0)
FN:36,(anonymous_1)
FN:79,(anonymous_2)
FN:110,generateAccessToken
FNF:4
FNH:4
FNDA:3,(anonymous_0)
FNDA:4,(anonymous_1)
FNDA:1,(anonymous_2)
FNDA:1,generateAccessToken
DA:1,1
DA:2,1
DA:3,1
DA:4,1
DA:5,1
DA:6,1
DA:7,1
DA:8,1
DA:9,1
DA:11,1
DA:13,3
DA:15,3
DA:16,3
DA:17,1
DA:18,1
DA:19,2
DA:21,1
DA:22,1
DA:25,1
DA:28,1
DA:29,1
DA:30,1
DA:31,1
DA:32,1
DA:33,1
DA:37,4
DA:39,4
DA:42,4
DA:43,4
DA:44,1
DA:47,3
DA:48,3
DA:49,0
DA:52,3
DA:56,3
DA:57,2
DA:60,1
DA:61,1
DA:67,1
DA:68,1
DA:69,1
DA:71,1
DA:72,1
DA:80,1
DA:82,1
DA:83,1
DA:85,1
DA:86,1
DA:89,0
DA:94,0
DA:95,0
DA:97,0
DA:104,0
DA:106,0
DA:112,1
LF:55
LH:48
BRDA:16,0,0,1
BRDA:16,0,1,2
BRDA:19,1,0,1
BRDA:19,1,1,1
BRDA:43,2,0,1
BRDA:43,2,1,3
BRDA:48,3,0,0
BRDA:48,3,1,3
BRDA:56,4,0,2
BRDA:56,4,1,1
BRDA:85,5,0,1
BRDA:85,5,1,0
BRF:12
BRH:10
end_of_record
TN:
SF:server/databases/postgres-db.ts
FN:14,(anonymous_0)
FNF:1
FNH:1
FNDA:1,(anonymous_0)
DA:3,1
DA:5,1
DA:14,1
DA:15,1
DA:16,1
DA:19,1
LF:6
LH:6
BRDA:15,0,0,0
BRDA:15,0,1,1
BRF:2
BRH:1
end_of_record
TN:
SF:server/entities/tokens.ts
FNF:0
FNH:0
DA:2,1
LF:1
LH:1
BRF:0
BRH:0
end_of_record
TN:
SF:server/entities/users.ts
FNF:0
FNH:0
DA:3,1
LF:1
LH:1
BRF:0
BRH:0
end_of_record
TN:
SF:server/repositories/PGRepository.ts
FN:7,(anonymous_0)
FN:10,(anonymous_1)
FN:17,(anonymous_2)
FN:18,(anonymous_3)
FN:19,(anonymous_4)
FNF:5
FNH:5
FNDA:12,(anonymous_0)
FNDA:6,(anonymous_1)
FNDA:2,(anonymous_2)
FNDA:3,(anonymous_3)
FNDA:3,(anonymous_4)
DA:2,1
DA:5,1
DA:8,12
DA:11,6
DA:12,6
DA:13,6
DA:14,6
DA:18,3
DA:19,3
DA:20,2
DA:21,2
DA:22,2
DA:23,2
LF:13
LH:13
BRF:0
BRH:0
end_of_record
TN:
SF:server/repositories/Repository.ts
FN:13,(anonymous_0)
FN:21,(anonymous_1)
FN:25,(anonymous_2)
FNF:3
FNH:3
FNDA:12,(anonymous_0)
FNDA:6,(anonymous_1)
FNDA:2,(anonymous_2)
DA:1,1
DA:5,1
DA:9,1
DA:11,1
DA:14,12
DA:16,12
DA:17,12
DA:22,6
DA:26,2
LF:9
LH:9
BRDA:15,0,0,12
BRF:1
BRH:1
end_of_record
TN:
SF:server/repositories/UserRepository.ts
FN:5,(anonymous_0)
FN:8,(anonymous_1)
FNF:2
FNH:2
FNDA:8,(anonymous_0)
FNDA:6,(anonymous_1)
DA:2,1
DA:4,1
DA:6,8
DA:9,6
LF:4
LH:4
BRF:0
BRH:0
end_of_record
TN:
SF:server/routes/users.ts
FNF:0
FNH:0
DA:1,1
DA:2,1
DA:3,1
DA:5,1
DA:6,1
DA:7,1
LF:6
LH:6
BRF:0
BRH:0
end_of_record
